android/app/build/intermediates/manifest_merge_blame_file/release/manifest-merger-blame-release-report.txt
1<?xml version="1.0" encoding="utf-8"?>
2<manifest xmlns:android="http://schemas.android.com/apk/res/android"
3    package="com.example.dp"
4    android:versionCode="1"
5    android:versionName="1.0.0" >
6
7    <uses-sdk
8        android:minSdkVersion="21"
8-->src\main\AndroidManifest.xml
9        android:targetSdkVersion="30" />
9-->src\main\AndroidManifest.xml
10
11    <uses-permission android:name="android.permission.REQUEST_INSTALL_PACKAGES" />
11-->[:open_file] AndroidManifest.xml:8:5-83
11-->[:open_file] AndroidManifest.xml:8:22-80
12    <uses-permission android:name="android.permission.READ_EXTERNAL_STORAGE" />
12-->[:open_file] AndroidManifest.xml:9:5-80
12-->[:open_file] AndroidManifest.xml:9:22-77
13    <uses-permission android:name="android.permission.RECEIVE_BOOT_COMPLETED" />
13-->[:flutter_local_notifications] AndroidManifest.xml:7:5-81
13-->[:flutter_local_notifications] AndroidManifest.xml:7:22-78
14    <uses-permission android:name="android.permission.VIBRATE" />
14-->[:flutter_local_notifications] AndroidManifest.xml:8:5-66
14-->[:flutter_local_notifications] AndroidManifest.xml:8:22-63
15    <uses-permission android:name="android.permission.USE_FULL_SCREEN_INTENT" />
15-->[:flutter_local_notifications] AndroidManifest.xml:9:5-81
15-->[:flutter_local_notifications] AndroidManifest.xml:9:22-78
16    <uses-permission android:name="android.permission.SCHEDULE_EXACT_ALARM" />
16-->[:flutter_local_notifications] AndroidManifest.xml:10:5-79
16-->[:flutter_local_notifications] AndroidManifest.xml:10:22-76
17
18    <application
18-->src\main\AndroidManifest.xml:2:3-27:17
19        android:appComponentFactory="androidx.core.app.CoreComponentFactory"
19-->[androidx.core:core:1.6.0] AndroidManifest.xml:24:18-86
20        android:icon="@mipmap/ic_launcher"
20-->src\main\AndroidManifest.xml:2:40-74
21        android:label="FaceTax" >
21-->src\main\AndroidManifest.xml:2:16-39
22  android:requestLegacyExternalStorage="true" 
23        <activity
23-->src\main\AndroidManifest.xml:4:5-20:16
24            android:name="com.example.dp.MainActivity"
24-->src\main\AndroidManifest.xml:4:15-43
25            android:configChanges="orientation|keyboardHidden|keyboard|screenSize|smallestScreenSize|locale|layoutDirection|fontScale|screenLayout|density|uiMode"
25-->src\main\AndroidManifest.xml:4:110-260
26            android:hardwareAccelerated="true"
26-->src\main\AndroidManifest.xml:4:261-295
27            android:launchMode="singleTop"
27-->src\main\AndroidManifest.xml:4:44-74
28            android:theme="@style/LaunchTheme"
28-->src\main\AndroidManifest.xml:4:75-109
29            android:windowSoftInputMode="adjustResize" >
29-->src\main\AndroidManifest.xml:4:296-338
30
31            <!--
32           Specifies an Android theme to apply to this Activity as soon as
33                 the Android process has started. This theme is visible to the user
34                 while the Flutter UI initializes. After that, this theme continues
35                 to determine the Window background behind the Flutter UI.
36            -->
37            <meta-data
37-->src\main\AndroidManifest.xml:9:7-114
38                android:name="io.flutter.embedding.android.NormalTheme"
38-->src\main\AndroidManifest.xml:9:18-73
39                android:resource="@style/NormalTheme" />
39-->src\main\AndroidManifest.xml:9:74-111
40            <!--
41           Displays an Android View that continues showing the launch screen
42                 Drawable until Flutter paints its first frame, then this splash
43                 screen fades out. A splash screen is useful to avoid any visual
44                 gap between the end of Android's launch screen and the painting of
45                 Flutter's first frame.
46            -->
47            <meta-data
47-->src\main\AndroidManifest.xml:15:7-132
48                android:name="io.flutter.embedding.android.SplashScreenDrawable"
48-->src\main\AndroidManifest.xml:15:18-82
49                android:resource="@drawable/launch_background" />
49-->src\main\AndroidManifest.xml:15:83-129
50
51            <intent-filter>
51-->src\main\AndroidManifest.xml:16:7-19:23
52                <action android:name="android.intent.action.MAIN" />
52-->src\main\AndroidManifest.xml:17:9-60
52-->src\main\AndroidManifest.xml:17:17-58
53
54                <category android:name="android.intent.category.LAUNCHER" />
54-->src\main\AndroidManifest.xml:18:9-68
54-->src\main\AndroidManifest.xml:18:19-66
55            </intent-filter>
56        </activity>
57        <!--
58         Don't delete the meta-data below.
59             This is used by the Flutter tool to generate GeneratedPluginRegistrant.java
60        -->
61        <meta-data
61-->src\main\AndroidManifest.xml:23:5-68
62            android:name="flutterEmbedding"
62-->src\main\AndroidManifest.xml:23:16-47
63            android:value="2" />
63-->src\main\AndroidManifest.xml:23:48-65
64        <!-- <uses-permission android:name="android.permission.INTERNET"/> -->
65        <!-- <uses-permission android:name="android.permission.WRITE_EXTERNAL_STORAGE"/> -->
66        <!-- <uses-permission android:name="android.permission.READ_EXTERNAL_STORAGE"/> -->
67        <provider
67-->[:image_picker] AndroidManifest.xml:8:9-16:20
68            android:name="io.flutter.plugins.imagepicker.ImagePickerFileProvider"
68-->[:image_picker] AndroidManifest.xml:9:13-82
69            android:authorities="com.example.dp.flutter.image_provider"
69-->[:image_picker] AndroidManifest.xml:10:13-74
70            android:exported="false"
70-->[:image_picker] AndroidManifest.xml:11:13-37
71            android:grantUriPermissions="true" >
71-->[:image_picker] AndroidManifest.xml:12:13-47
72            <meta-data
72-->[:image_picker] AndroidManifest.xml:13:13-15:75
73                android:name="android.support.FILE_PROVIDER_PATHS"
73-->[:image_picker] AndroidManifest.xml:14:17-67
74                android:resource="@xml/flutter_image_picker_file_paths" />
74-->[:image_picker] AndroidManifest.xml:15:17-72
75        </provider>
76        <provider
76-->[:open_file] AndroidManifest.xml:12:9-21:20
77            android:name="com.crazecoder.openfile.FileProvider"
77-->[:open_file] AndroidManifest.xml:13:13-64
78            android:authorities="com.example.dp.fileProvider.com.crazecoder.openfile"
78-->[:open_file] AndroidManifest.xml:14:13-88
79            android:exported="false"
79-->[:open_file] AndroidManifest.xml:15:13-37
80            android:grantUriPermissions="true" >
80-->[:open_file] AndroidManifest.xml:16:13-47
81            <meta-data
81-->[:image_picker] AndroidManifest.xml:13:13-15:75
82                android:name="android.support.FILE_PROVIDER_PATHS"
82-->[:image_picker] AndroidManifest.xml:14:17-67
83                android:resource="@xml/filepaths" />
83-->[:image_picker] AndroidManifest.xml:15:17-72
84        </provider>
85
86        <receiver
86-->[:flutter_local_notifications] AndroidManifest.xml:13:9-15:40
87            android:name="com.dexterous.flutterlocalnotifications.ScheduledNotificationReceiver"
87-->[:flutter_local_notifications] AndroidManifest.xml:14:13-97
88            android:exported="false" />
88-->[:flutter_local_notifications] AndroidManifest.xml:15:13-37
89        <receiver
89-->[:flutter_local_notifications] AndroidManifest.xml:16:9-25:20
90            android:name="com.dexterous.flutterlocalnotifications.ScheduledNotificationBootReceiver"
90-->[:flutter_local_notifications] AndroidManifest.xml:17:13-101
91            android:exported="false" >
91-->[:flutter_local_notifications] AndroidManifest.xml:18:13-37
92            <intent-filter>
92-->[:flutter_local_notifications] AndroidManifest.xml:19:13-24:29
93                <action android:name="android.intent.action.BOOT_COMPLETED" />
93-->[:flutter_local_notifications] AndroidManifest.xml:20:17-79
93-->[:flutter_local_notifications] AndroidManifest.xml:20:25-76
94                <action android:name="android.intent.action.MY_PACKAGE_REPLACED" />
94-->[:flutter_local_notifications] AndroidManifest.xml:21:17-84
94-->[:flutter_local_notifications] AndroidManifest.xml:21:25-81
95                <action android:name="android.intent.action.QUICKBOOT_POWERON" />
95-->[:flutter_local_notifications] AndroidManifest.xml:22:17-82
95-->[:flutter_local_notifications] AndroidManifest.xml:22:25-79
96                <action android:name="com.htc.intent.action.QUICKBOOT_POWERON" />
96-->[:flutter_local_notifications] AndroidManifest.xml:23:17-82
96-->[:flutter_local_notifications] AndroidManifest.xml:23:25-79
97            </intent-filter>
98        </receiver>
99    </application>
100
101</manifest>